1522742948287	geckodriver	INFO	geckodriver 0.20.0
1522742948317	geckodriver	INFO	Listening on 127.0.0.1:13475
1522742959909	mozrunner::runner	INFO	Running command: "C:\\Program Files\\Mozilla Firefox\\firefox.exe" "-marionette" "-profile" "C:\\Users\\xxp\\AppData\\Local\\Temp\\rust_mozprofile.5cZXm7YLoOTu"
1522742960062	addons.manager	DEBUG	Application has been upgraded
1522742960082	addons.manager	DEBUG	Loaded provider scope for resource://gre/modules/addons/XPIProvider.jsm: ["XPIProvider", "XPIInternal"]
1522742960084	addons.manager	DEBUG	Loaded provider scope for resource://gre/modules/LightweightThemeManager.jsm: ["LightweightThemeManager"]
1522742960096	addons.manager	DEBUG	Loaded provider scope for resource://gre/modules/addons/GMPProvider.jsm
1522742960098	addons.manager	DEBUG	Loaded provider scope for resource://gre/modules/addons/PluginProvider.jsm
1522742960098	addons.manager	DEBUG	Starting provider: XPIProvider
1522742960098	addons.xpi	DEBUG	startup
1522742960098	addons.xpi	INFO	SystemAddonInstallLocation directory is missing
1522742960098	addons.xpi	INFO	Removing all system add-on upgrades.
1522742960100	addons.xpi	DEBUG	checkForChanges
1522742960100	addons.xpi	DEBUG	Loaded add-on state: ${}
1522742960100	addons.xpi	INFO	Mapping activity-stream@mozilla.org to C:\Program Files\Mozilla Firefox\browser\features\activity-stream@mozilla.org.xpi
1522742960100	addons.xpi	INFO	Mapping aushelper@mozilla.org to C:\Program Files\Mozilla Firefox\browser\features\aushelper@mozilla.org.xpi
1522742960100	addons.xpi	INFO	Mapping firefox@getpocket.com to C:\Program Files\Mozilla Firefox\browser\features\firefox@getpocket.com.xpi
1522742960100	addons.xpi	INFO	Mapping followonsearch@mozilla.com to C:\Program Files\Mozilla Firefox\browser\features\followonsearch@mozilla.com.xpi
1522742960100	addons.xpi	INFO	Mapping formautofill@mozilla.org to C:\Program Files\Mozilla Firefox\browser\features\formautofill@mozilla.org.xpi
1522742960100	addons.xpi	INFO	Mapping onboarding@mozilla.org to C:\Program Files\Mozilla Firefox\browser\features\onboarding@mozilla.org.xpi
1522742960100	addons.xpi	INFO	Mapping screenshots@mozilla.org to C:\Program Files\Mozilla Firefox\browser\features\screenshots@mozilla.org.xpi
1522742960100	addons.xpi	INFO	Mapping shield-recipe-client@mozilla.org to C:\Program Files\Mozilla Firefox\browser\features\shield-recipe-client@mozilla.org.xpi
1522742960100	addons.xpi	INFO	Mapping webcompat@mozilla.org to C:\Program Files\Mozilla Firefox\browser\features\webcompat@mozilla.org.xpi
1522742960102	addons.xpi	DEBUG	New add-on activity-stream@mozilla.org in app-system-defaults
1522742960102	addons.xpi	DEBUG	New add-on aushelper@mozilla.org in app-system-defaults
1522742960102	addons.xpi	DEBUG	New add-on firefox@getpocket.com in app-system-defaults
1522742960104	addons.xpi	DEBUG	New add-on followonsearch@mozilla.com in app-system-defaults
1522742960104	addons.xpi	DEBUG	New add-on formautofill@mozilla.org in app-system-defaults
1522742960104	addons.xpi	DEBUG	New add-on onboarding@mozilla.org in app-system-defaults
1522742960104	addons.xpi	DEBUG	New add-on screenshots@mozilla.org in app-system-defaults
1522742960104	addons.xpi	DEBUG	New add-on shield-recipe-client@mozilla.org in app-system-defaults
1522742960104	addons.xpi	DEBUG	New add-on webcompat@mozilla.org in app-system-defaults
1522742960106	addons.xpi	INFO	Mapping {972ce4c6-7e08-4474-a285-3208198ce6fd} to C:\Program Files\Mozilla Firefox\browser\extensions\{972ce4c6-7e08-4474-a285-3208198ce6fd}.xpi
1522742960106	addons.xpi	DEBUG	New add-on {972ce4c6-7e08-4474-a285-3208198ce6fd} in app-global
1522742960106	addons.xpi	DEBUG	getInstallState changed: true, state: {}
1522742960106	addons.xpi	INFO	SystemAddonInstallLocation directory is missing
1522742960110	addons.xpi-utils	DEBUG	Opening XPI database C:\Users\xxp\AppData\Local\Temp\rust_mozprofile.5cZXm7YLoOTu\extensions.json
1522742960110	addons.xpi-utils	DEBUG	New add-on activity-stream@mozilla.org installed in app-system-defaults
*** Blocklist::_loadBlocklistFromFile: blocklist is disabled
1522742960124	addons.xpi-utils	DEBUG	New add-on aushelper@mozilla.org installed in app-system-defaults
1522742960128	addons.xpi-utils	DEBUG	New add-on firefox@getpocket.com installed in app-system-defaults
1522742960130	addons.xpi-utils	DEBUG	New add-on followonsearch@mozilla.com installed in app-system-defaults
1522742960132	addons.xpi-utils	DEBUG	New add-on formautofill@mozilla.org installed in app-system-defaults
1522742960134	addons.xpi-utils	DEBUG	New add-on onboarding@mozilla.org installed in app-system-defaults
1522742960136	addons.xpi-utils	DEBUG	New add-on screenshots@mozilla.org installed in app-system-defaults
1522742960140	addons.xpi-utils	DEBUG	New add-on shield-recipe-client@mozilla.org installed in app-system-defaults
1522742960142	addons.xpi-utils	DEBUG	New add-on webcompat@mozilla.org installed in app-system-defaults
1522742960144	addons.xpi-utils	DEBUG	New add-on {972ce4c6-7e08-4474-a285-3208198ce6fd} installed in app-global
1522742960146	addons.manager	DEBUG	Registering startup change 'installed' for activity-stream@mozilla.org
1522742960150	addons.xpi	DEBUG	Loading bootstrap scope from C:\Program Files\Mozilla Firefox\browser\features\activity-stream@mozilla.org.xpi
1522742960152	addons.xpi	DEBUG	Calling bootstrap method install on activity-stream@mozilla.org version 2018.02.17.0026-173e2795
1522742960152	addons.xpi-utils	DEBUG	Make addon app-system-defaults:activity-stream@mozilla.org visible
1522742960152	addons.xpi	DEBUG	Updating XPIState for {"id":"activity-stream@mozilla.org","syncGUID":"{727ce8bb-c31b-4634-8d9e-ed8dc85c826c}","location":"app-system-defaults","version":"2018.02.17.0026-173e2795","type":"extension","internalName":null,"updateURL":null,"updateKey":null,"optionsURL":null,"optionsType":null,"aboutURL":null,"defaultLocale":{"name":"Activity Stream","description":"A rich visual history feed and a reimagined home page make it easier than ever to find exactly what you're looking for in Firefox.","creator":null,"homepageURL":null},"visible":true,"active":false,"userDisabled":false,"appDisabled":false,"installDate":1521831746601,"updateDate":1521831746601,"applyBackgroundUpdates":1,"bootstrap":true,"path":"C:\\Program Files\\Mozilla Firefox\\browser\\features\\activity-stream@mozilla.org.xpi","skinnable":false,"size":2766943,"sourceURI":null,"releaseNotesURI":null,"softDisabled":false,"foreignInstall":false,"hasBinaryComponents":false,"strictCompatibility":false,"locales":[],"targetApplications":[{"id":"{ec8030f7-c20a-464f-9b0e-13a3a9e97384}","minVersion":"59.0.2","maxVersion":"59.*"}],"targetPlatforms":[],"multiprocessCompatible":true,"seen":true,"dependencies":[],"hasEmbeddedWebExtension":false,"mpcOptedOut":false,"userPermissions":null,"icons":{},"iconURL":null,"icon64URL":null,"blocklistState":0,"blocklistURL":null,"startupData":null}
1522742960154	addons.manager	DEBUG	Registering startup change 'installed' for aushelper@mozilla.org
1522742960154	addons.xpi	DEBUG	Loading bootstrap scope from C:\Program Files\Mozilla Firefox\browser\features\aushelper@mozilla.org.xpi
1522742960156	addons.xpi	DEBUG	Calling bootstrap method install on aushelper@mozilla.org version 2.0
1522742960156	addons.xpi-utils	DEBUG	Make addon app-system-defaults:aushelper@mozilla.org visible
1522742960156	addons.xpi	DEBUG	Updating XPIState for {"id":"aushelper@mozilla.org","syncGUID":"{c0258d8f-1f56-4dbd-a4e6-bd94c56cee8a}","location":"app-system-defaults","version":"2.0","type":"extension","internalName":null,"updateURL":null,"updateKey":null,"optionsURL":null,"optionsType":null,"aboutURL":null,"defaultLocale":{"name":"Application Update Service Helper","description":"Sets value(s) in the update url based on custom checks.","creator":null,"homepageURL":null},"visible":true,"active":false,"userDisabled":false,"appDisabled":false,"installDate":1521831746602,"updateDate":1521831746602,"applyBackgroundUpdates":1,"bootstrap":true,"path":"C:\\Program Files\\Mozilla Firefox\\browser\\features\\aushelper@mozilla.org.xpi","skinnable":false,"size":8488,"sourceURI":null,"releaseNotesURI":null,"softDisabled":false,"foreignInstall":false,"hasBinaryComponents":false,"strictCompatibility":false,"locales":[],"targetApplications":[{"id":"{ec8030f7-c20a-464f-9b0e-13a3a9e97384}","minVersion":"59.0.2","maxVersion":"59.*"}],"targetPlatforms":[],"multiprocessCompatible":true,"seen":true,"dependencies":[],"hasEmbeddedWebExtension":false,"mpcOptedOut":false,"userPermissions":null,"icons":{},"iconURL":null,"icon64URL":null,"blocklistState":0,"blocklistURL":null,"startupData":null}
1522742960156	addons.manager	DEBUG	Registering startup change 'installed' for firefox@getpocket.com
1522742960156	addons.xpi	DEBUG	Loading bootstrap scope from C:\Program Files\Mozilla Firefox\browser\features\firefox@getpocket.com.xpi
1522742960160	addons.xpi	DEBUG	Calling bootstrap method install on firefox@getpocket.com version 1.0.5
1522742960160	addons.xpi-utils	DEBUG	Make addon app-system-defaults:firefox@getpocket.com visible
1522742960160	addons.xpi	DEBUG	Updating XPIState for {"id":"firefox@getpocket.com","syncGUID":"{1c83e40e-aa09-46a6-97d9-a3667a1902df}","location":"app-system-defaults","version":"1.0.5","type":"extension","internalName":null,"updateURL":null,"updateKey":null,"optionsURL":null,"optionsType":null,"aboutURL":null,"defaultLocale":{"name":"Pocket","description":"When you find something you want to view later, put it in Pocket.","creator":null,"homepageURL":null},"visible":true,"active":false,"userDisabled":false,"appDisabled":false,"installDate":1521831746607,"updateDate":1521831746607,"applyBackgroundUpdates":1,"bootstrap":true,"path":"C:\\Program Files\\Mozilla Firefox\\browser\\features\\firefox@getpocket.com.xpi","skinnable":false,"size":916335,"sourceURI":null,"releaseNotesURI":null,"softDisabled":false,"foreignInstall":false,"hasBinaryComponents":false,"strictCompatibility":false,"locales":[],"targetApplications":[{"id":"{ec8030f7-c20a-464f-9b0e-13a3a9e97384}","minVersion":"59.0.2","maxVersion":"59.*"}],"targetPlatforms":[],"multiprocessCompatible":true,"seen":true,"dependencies":[],"hasEmbeddedWebExtension":false,"mpcOptedOut":false,"userPermissions":null,"icons":{},"iconURL":null,"icon64URL":null,"blocklistState":0,"blocklistURL":null,"startupData":null}
1522742960160	addons.manager	DEBUG	Registering startup change 'installed' for followonsearch@mozilla.com
1522742960160	addons.xpi	DEBUG	Loading bootstrap scope from C:\Program Files\Mozilla Firefox\browser\features\followonsearch@mozilla.com.xpi
1522742960162	addons.xpi	DEBUG	Calling bootstrap method install on followonsearch@mozilla.com version 0.9.6
1522742960162	addons.xpi-utils	DEBUG	Make addon app-system-defaults:followonsearch@mozilla.com visible
1522742960162	addons.xpi	DEBUG	Updating XPIState for {"id":"followonsearch@mozilla.com","syncGUID":"{d35c27aa-f806-42f9-932c-8c819187be01}","location":"app-system-defaults","version":"0.9.6","type":"extension","internalName":null,"updateURL":null,"updateKey":null,"optionsURL":null,"optionsType":null,"aboutURL":null,"defaultLocale":{"name":"Follow-on Search Telemetry","description":null,"creator":null,"homepageURL":null},"visible":true,"active":false,"userDisabled":false,"appDisabled":false,"installDate":1521831746608,"updateDate":1521831746608,"applyBackgroundUpdates":1,"bootstrap":true,"path":"C:\\Program Files\\Mozilla Firefox\\browser\\features\\followonsearch@mozilla.com.xpi","skinnable":false,"size":18625,"sourceURI":null,"releaseNotesURI":null,"softDisabled":false,"foreignInstall":false,"hasBinaryComponents":false,"strictCompatibility":false,"locales":[],"targetApplications":[{"id":"{ec8030f7-c20a-464f-9b0e-13a3a9e97384}","minVersion":"52.0","maxVersion":"66.*"}],"targetPlatforms":[],"multiprocessCompatible":true,"seen":true,"dependencies":[],"hasEmbeddedWebExtension":false,"mpcOptedOut":false,"userPermissions":null,"icons":{},"iconURL":null,"icon64URL":null,"blocklistState":0,"blocklistURL":null,"startupData":null}
1522742960164	addons.manager	DEBUG	Registering startup change 'installed' for formautofill@mozilla.org
1522742960164	addons.xpi	DEBUG	Loading bootstrap scope from C:\Program Files\Mozilla Firefox\browser\features\formautofill@mozilla.org.xpi
1522742960166	addons.xpi	DEBUG	Calling bootstrap method install on formautofill@mozilla.org version 1.0
1522742960166	addons.xpi-utils	DEBUG	Make addon app-system-defaults:formautofill@mozilla.org visible
1522742960166	addons.xpi	DEBUG	Updating XPIState for {"id":"formautofill@mozilla.org","syncGUID":"{cb48bd14-950c-4c37-9377-a8b94d66fc37}","location":"app-system-defaults","version":"1.0","type":"extension","internalName":null,"updateURL":null,"updateKey":null,"optionsURL":null,"optionsType":null,"aboutURL":null,"defaultLocale":{"name":"Form Autofill","description":"Autofill forms with saved profiles","creator":null,"homepageURL":null},"visible":true,"active":false,"userDisabled":false,"appDisabled":false,"installDate":1521831746611,"updateDate":1521831746611,"applyBackgroundUpdates":1,"bootstrap":true,"path":"C:\\Program Files\\Mozilla Firefox\\browser\\features\\formautofill@mozilla.org.xpi","skinnable":false,"size":458018,"sourceURI":null,"releaseNotesURI":null,"softDisabled":false,"foreignInstall":false,"hasBinaryComponents":false,"strictCompatibility":false,"locales":[],"targetApplications":[{"id":"{ec8030f7-c20a-464f-9b0e-13a3a9e97384}","minVersion":"59.0.2","maxVersion":"59.*"}],"targetPlatforms":[],"multiprocessCompatible":true,"seen":true,"dependencies":[],"hasEmbeddedWebExtension":false,"mpcOptedOut":false,"userPermissions":null,"icons":{},"iconURL":null,"icon64URL":null,"blocklistState":0,"blocklistURL":null,"startupData":null}
1522742960166	addons.manager	DEBUG	Registering startup change 'installed' for onboarding@mozilla.org
1522742960166	addons.xpi	DEBUG	Loading bootstrap scope from C:\Program Files\Mozilla Firefox\browser\features\onboarding@mozilla.org.xpi
1522742960168	addons.xpi	DEBUG	Calling bootstrap method install on onboarding@mozilla.org version 1.0
1522742960168	addons.xpi-utils	DEBUG	Make addon app-system-defaults:onboarding@mozilla.org visible
1522742960168	addons.xpi	DEBUG	Updating XPIState for {"id":"onboarding@mozilla.org","syncGUID":"{8cd18df5-d403-4506-bdac-3c55282f63ef}","location":"app-system-defaults","version":"1.0","type":"extension","internalName":null,"updateURL":null,"updateKey":null,"optionsURL":null,"optionsType":null,"aboutURL":null,"defaultLocale":{"name":"Photon onboarding","description":"Photon onboarding","creator":null,"homepageURL":null},"visible":true,"active":false,"userDisabled":false,"appDisabled":false,"installDate":1521831746616,"updateDate":1521831746616,"applyBackgroundUpdates":1,"bootstrap":true,"path":"C:\\Program Files\\Mozilla Firefox\\browser\\features\\onboarding@mozilla.org.xpi","skinnable":false,"size":566876,"sourceURI":null,"releaseNotesURI":null,"softDisabled":false,"foreignInstall":false,"hasBinaryComponents":false,"strictCompatibility":false,"locales":[],"targetApplications":[{"id":"{ec8030f7-c20a-464f-9b0e-13a3a9e97384}","minVersion":"59.0.2","maxVersion":"59.*"}],"targetPlatforms":[],"multiprocessCompatible":true,"seen":true,"dependencies":[],"hasEmbeddedWebExtension":false,"mpcOptedOut":false,"userPermissions":null,"icons":{},"iconURL":null,"icon64URL":null,"blocklistState":0,"blocklistURL":null,"startupData":null}
1522742960168	addons.manager	DEBUG	Registering startup change 'installed' for screenshots@mozilla.org
1522742960168	addons.xpi	DEBUG	Loading bootstrap scope from C:\Program Files\Mozilla Firefox\browser\features\screenshots@mozilla.org.xpi
1522742960170	addons.xpi	DEBUG	Calling bootstrap method install on screenshots@mozilla.org version 25.0.0
1522742960170	addons.xpi-utils	DEBUG	Make addon app-system-defaults:screenshots@mozilla.org visible
1522742960170	addons.xpi	DEBUG	Updating XPIState for {"id":"screenshots@mozilla.org","syncGUID":"{c42ce36c-7636-4dec-9fc9-8fea0a7586fa}","location":"app-system-defaults","version":"25.0.0","type":"extension","internalName":null,"updateURL":null,"updateKey":null,"optionsURL":null,"optionsType":null,"aboutURL":null,"defaultLocale":{"name":"Firefox Screenshots","description":null,"creator":null,"homepageURL":"https://screenshots.firefox.com/"},"visible":true,"active":false,"userDisabled":false,"appDisabled":false,"installDate":1521831746622,"updateDate":1521831746622,"applyBackgroundUpdates":1,"bootstrap":true,"path":"C:\\Program Files\\Mozilla Firefox\\browser\\features\\screenshots@mozilla.org.xpi","skinnable":false,"size":994512,"sourceURI":null,"releaseNotesURI":null,"softDisabled":false,"foreignInstall":false,"hasBinaryComponents":false,"strictCompatibility":false,"locales":[],"targetApplications":[{"id":"{ec8030f7-c20a-464f-9b0e-13a3a9e97384}","minVersion":"57.0a1","maxVersion":"*"}],"targetPlatforms":[],"multiprocessCompatible":true,"seen":true,"dependencies":[],"hasEmbeddedWebExtension":false,"mpcOptedOut":false,"userPermissions":null,"icons":{},"iconURL":null,"icon64URL":null,"blocklistState":0,"blocklistURL":null,"startupData":null}
1522742960172	addons.manager	DEBUG	Registering startup change 'installed' for shield-recipe-client@mozilla.org
1522742960172	addons.xpi	DEBUG	Loading bootstrap scope from C:\Program Files\Mozilla Firefox\browser\features\shield-recipe-client@mozilla.org.xpi
1522742960174	addons.xpi	DEBUG	Calling bootstrap method install on shield-recipe-client@mozilla.org version 80
1522742960174	addons.xpi-utils	DEBUG	Make addon app-system-defaults:shield-recipe-client@mozilla.org visible
1522742960174	addons.xpi	DEBUG	Updating XPIState for {"id":"shield-recipe-client@mozilla.org","syncGUID":"{c44e024f-0c2f-4249-9484-c1dbc154631f}","location":"app-system-defaults","version":"80","type":"extension","internalName":null,"updateURL":null,"updateKey":null,"optionsURL":null,"optionsType":null,"aboutURL":null,"defaultLocale":{"name":"Shield Recipe Client","description":"Client to download and run recipes for SHIELD, Heartbeat, etc.","creator":null,"homepageURL":null},"visible":true,"active":false,"userDisabled":false,"appDisabled":false,"installDate":1521831746625,"updateDate":1521831746625,"applyBackgroundUpdates":1,"bootstrap":true,"path":"C:\\Program Files\\Mozilla Firefox\\browser\\features\\shield-recipe-client@mozilla.org.xpi","skinnable":false,"size":365969,"sourceURI":null,"releaseNotesURI":null,"softDisabled":false,"foreignInstall":false,"hasBinaryComponents":false,"strictCompatibility":false,"locales":[],"targetApplications":[{"id":"{ec8030f7-c20a-464f-9b0e-13a3a9e97384}","minVersion":"59.0.2","maxVersion":"59.*"}],"targetPlatforms":[],"multiprocessCompatible":true,"seen":true,"dependencies":[],"hasEmbeddedWebExtension":false,"mpcOptedOut":false,"userPermissions":null,"icons":{},"iconURL":null,"icon64URL":null,"blocklistState":0,"blocklistURL":null,"startupData":null}
1522742960174	addons.manager	DEBUG	Registering startup change 'installed' for webcompat@mozilla.org
1522742960174	addons.xpi	DEBUG	Loading bootstrap scope from C:\Program Files\Mozilla Firefox\browser\features\webcompat@mozilla.org.xpi
1522742960176	addons.xpi	DEBUG	Calling bootstrap method install on webcompat@mozilla.org version 1.1
1522742960176	addons.xpi-utils	DEBUG	Make addon app-system-defaults:webcompat@mozilla.org visible
1522742960176	addons.xpi	DEBUG	Updating XPIState for {"id":"webcompat@mozilla.org","syncGUID":"{f11764ef-3ab0-4776-aa7a-563a83704daa}","location":"app-system-defaults","version":"1.1","type":"extension","internalName":null,"updateURL":null,"updateKey":null,"optionsURL":null,"optionsType":null,"aboutURL":null,"defaultLocale":{"name":"Web Compat","description":"Urgent post-release fixes for web compatibility.","creator":null,"homepageURL":null},"visible":true,"active":false,"userDisabled":false,"appDisabled":false,"installDate":1521831746625,"updateDate":1521831746625,"applyBackgroundUpdates":1,"bootstrap":true,"path":"C:\\Program Files\\Mozilla Firefox\\browser\\features\\webcompat@mozilla.org.xpi","skinnable":false,"size":9268,"sourceURI":null,"releaseNotesURI":null,"softDisabled":false,"foreignInstall":false,"hasBinaryComponents":false,"strictCompatibility":false,"locales":[],"targetApplications":[{"id":"{ec8030f7-c20a-464f-9b0e-13a3a9e97384}","minVersion":"59.0.2","maxVersion":"59.*"}],"targetPlatforms":[],"multiprocessCompatible":true,"seen":true,"dependencies":[],"hasEmbeddedWebExtension":false,"mpcOptedOut":false,"userPermissions":null,"icons":{},"iconURL":null,"icon64URL":null,"blocklistState":0,"blocklistURL":null,"startupData":null}
1522742960176	addons.xpi-utils	DEBUG	Make addon app-global:{972ce4c6-7e08-4474-a285-3208198ce6fd} visible
1522742960176	addons.xpi	DEBUG	Updating XPIState for {"id":"{972ce4c6-7e08-4474-a285-3208198ce6fd}","syncGUID":"{1b949920-5efa-4cdc-9ee9-969959fb50bc}","location":"app-global","version":"59.0.2","type":"theme","internalName":"classic/1.0","updateURL":null,"updateKey":null,"optionsURL":null,"optionsType":null,"optionsBrowserStyle":null,"aboutURL":null,"defaultLocale":{"name":"Default","description":"The default theme.","creator":"Mozilla","homepageURL":null,"contributors":["Mozilla Contributors"]},"visible":true,"active":false,"userDisabled":false,"appDisabled":false,"installDate":1521831746588,"updateDate":1521831746588,"applyBackgroundUpdates":1,"path":"C:\\Program Files\\Mozilla Firefox\\browser\\extensions\\{972ce4c6-7e08-4474-a285-3208198ce6fd}.xpi","skinnable":true,"size":3016,"sourceURI":null,"releaseNotesURI":null,"softDisabled":false,"foreignInstall":false,"hasBinaryComponents":false,"strictCompatibility":true,"locales":[],"targetApplications":[{"id":"{ec8030f7-c20a-464f-9b0e-13a3a9e97384}","minVersion":"59.0.2","maxVersion":"59.0.2"}],"targetPlatforms":[],"seen":true,"dependencies":[],"hasEmbeddedWebExtension":false,"userPermissions":null,"icons":{},"iconURL":"chrome://browser/content/default-theme-icon.svg","icon64URL":null,"blocklistState":0,"blocklistURL":null,"startupData":null}
1522742960176	addons.xpi	DEBUG	Updating XPIState for {"id":"activity-stream@mozilla.org","syncGUID":"{727ce8bb-c31b-4634-8d9e-ed8dc85c826c}","location":"app-system-defaults","version":"2018.02.17.0026-173e2795","type":"extension","internalName":null,"updateURL":null,"updateKey":null,"optionsURL":null,"optionsType":null,"aboutURL":null,"defaultLocale":{"name":"Activity Stream","description":"A rich visual history feed and a reimagined home page make it easier than ever to find exactly what you're looking for in Firefox.","creator":null,"homepageURL":null},"visible":true,"active":true,"userDisabled":false,"appDisabled":false,"installDate":1521831746601,"updateDate":1521831746601,"applyBackgroundUpdates":1,"bootstrap":true,"path":"C:\\Program Files\\Mozilla Firefox\\browser\\features\\activity-stream@mozilla.org.xpi","skinnable":false,"size":2766943,"sourceURI":null,"releaseNotesURI":null,"softDisabled":false,"foreignInstall":false,"hasBinaryComponents":false,"strictCompatibility":false,"locales":[],"targetApplications":[{"id":"{ec8030f7-c20a-464f-9b0e-13a3a9e97384}","minVersion":"59.0.2","maxVersion":"59.*"}],"targetPlatforms":[],"multiprocessCompatible":true,"seen":true,"dependencies":[],"hasEmbeddedWebExtension":false,"mpcOptedOut":false,"userPermissions":null,"icons":{},"iconURL":null,"icon64URL":null,"blocklistState":0,"blocklistURL":null,"startupData":null}
1522742960178	addons.xpi	DEBUG	Updating XPIState for {"id":"aushelper@mozilla.org","syncGUID":"{c0258d8f-1f56-4dbd-a4e6-bd94c56cee8a}","location":"app-system-defaults","version":"2.0","type":"extension","internalName":null,"updateURL":null,"updateKey":null,"optionsURL":null,"optionsType":null,"aboutURL":null,"defaultLocale":{"name":"Application Update Service Helper","description":"Sets value(s) in the update url based on custom checks.","creator":null,"homepageURL":null},"visible":true,"active":true,"userDisabled":false,"appDisabled":false,"installDate":1521831746602,"updateDate":1521831746602,"applyBackgroundUpdates":1,"bootstrap":true,"path":"C:\\Program Files\\Mozilla Firefox\\browser\\features\\aushelper@mozilla.org.xpi","skinnable":false,"size":8488,"sourceURI":null,"releaseNotesURI":null,"softDisabled":false,"foreignInstall":false,"hasBinaryComponents":false,"strictCompatibility":false,"locales":[],"targetApplications":[{"id":"{ec8030f7-c20a-464f-9b0e-13a3a9e97384}","minVersion":"59.0.2","maxVersion":"59.*"}],"targetPlatforms":[],"multiprocessCompatible":true,"seen":true,"dependencies":[],"hasEmbeddedWebExtension":false,"mpcOptedOut":false,"userPermissions":null,"icons":{},"iconURL":null,"icon64URL":null,"blocklistState":0,"blocklistURL":null,"startupData":null}
1522742960178	addons.xpi	DEBUG	Updating XPIState for {"id":"firefox@getpocket.com","syncGUID":"{1c83e40e-aa09-46a6-97d9-a3667a1902df}","location":"app-system-defaults","version":"1.0.5","type":"extension","internalName":null,"updateURL":null,"updateKey":null,"optionsURL":null,"optionsType":null,"aboutURL":null,"defaultLocale":{"name":"Pocket","description":"When you find something you want to view later, put it in Pocket.","creator":null,"homepageURL":null},"visible":true,"active":true,"userDisabled":false,"appDisabled":false,"installDate":1521831746607,"updateDate":1521831746607,"applyBackgroundUpdates":1,"bootstrap":true,"path":"C:\\Program Files\\Mozilla Firefox\\browser\\features\\firefox@getpocket.com.xpi","skinnable":false,"size":916335,"sourceURI":null,"releaseNotesURI":null,"softDisabled":false,"foreignInstall":false,"hasBinaryComponents":false,"strictCompatibility":false,"locales":[],"targetApplications":[{"id":"{ec8030f7-c20a-464f-9b0e-13a3a9e97384}","minVersion":"59.0.2","maxVersion":"59.*"}],"targetPlatforms":[],"multiprocessCompatible":true,"seen":true,"dependencies":[],"hasEmbeddedWebExtension":false,"mpcOptedOut":false,"userPermissions":null,"icons":{},"iconURL":null,"icon64URL":null,"blocklistState":0,"blocklistURL":null,"startupData":null}
1522742960178	addons.xpi	DEBUG	Updating XPIState for {"id":"followonsearch@mozilla.com","syncGUID":"{d35c27aa-f806-42f9-932c-8c819187be01}","location":"app-system-defaults","version":"0.9.6","type":"extension","internalName":null,"updateURL":null,"updateKey":null,"optionsURL":null,"optionsType":null,"aboutURL":null,"defaultLocale":{"name":"Follow-on Search Telemetry","description":null,"creator":null,"homepageURL":null},"visible":true,"active":true,"userDisabled":false,"appDisabled":false,"installDate":1521831746608,"updateDate":1521831746608,"applyBackgroundUpdates":1,"bootstrap":true,"path":"C:\\Program Files\\Mozilla Firefox\\browser\\features\\followonsearch@mozilla.com.xpi","skinnable":false,"size":18625,"sourceURI":null,"releaseNotesURI":null,"softDisabled":false,"foreignInstall":false,"hasBinaryComponents":false,"strictCompatibility":false,"locales":[],"targetApplications":[{"id":"{ec8030f7-c20a-464f-9b0e-13a3a9e97384}","minVersion":"52.0","maxVersion":"66.*"}],"targetPlatforms":[],"multiprocessCompatible":true,"seen":true,"dependencies":[],"hasEmbeddedWebExtension":false,"mpcOptedOut":false,"userPermissions":null,"icons":{},"iconURL":null,"icon64URL":null,"blocklistState":0,"blocklistURL":null,"startupData":null}
1522742960178	addons.xpi	DEBUG	Updating XPIState for {"id":"formautofill@mozilla.org","syncGUID":"{cb48bd14-950c-4c37-9377-a8b94d66fc37}","location":"app-system-defaults","version":"1.0","type":"extension","internalName":null,"updateURL":null,"updateKey":null,"optionsURL":null,"optionsType":null,"aboutURL":null,"defaultLocale":{"name":"Form Autofill","description":"Autofill forms with saved profiles","creator":null,"homepageURL":null},"visible":true,"active":true,"userDisabled":false,"appDisabled":false,"installDate":1521831746611,"updateDate":1521831746611,"applyBackgroundUpdates":1,"bootstrap":true,"path":"C:\\Program Files\\Mozilla Firefox\\browser\\features\\formautofill@mozilla.org.xpi","skinnable":false,"size":458018,"sourceURI":null,"releaseNotesURI":null,"softDisabled":false,"foreignInstall":false,"hasBinaryComponents":false,"strictCompatibility":false,"locales":[],"targetApplications":[{"id":"{ec8030f7-c20a-464f-9b0e-13a3a9e97384}","minVersion":"59.0.2","maxVersion":"59.*"}],"targetPlatforms":[],"multiprocessCompatible":true,"seen":true,"dependencies":[],"hasEmbeddedWebExtension":false,"mpcOptedOut":false,"userPermissions":null,"icons":{},"iconURL":null,"icon64URL":null,"blocklistState":0,"blocklistURL":null,"startupData":null}
1522742960178	addons.xpi	DEBUG	Updating XPIState for {"id":"onboarding@mozilla.org","syncGUID":"{8cd18df5-d403-4506-bdac-3c55282f63ef}","location":"app-system-defaults","version":"1.0","type":"extension","internalName":null,"updateURL":null,"updateKey":null,"optionsURL":null,"optionsType":null,"aboutURL":null,"defaultLocale":{"name":"Photon onboarding","description":"Photon onboarding","creator":null,"homepageURL":null},"visible":true,"active":true,"userDisabled":false,"appDisabled":false,"installDate":1521831746616,"updateDate":1521831746616,"applyBackgroundUpdates":1,"bootstrap":true,"path":"C:\\Program Files\\Mozilla Firefox\\browser\\features\\onboarding@mozilla.org.xpi","skinnable":false,"size":566876,"sourceURI":null,"releaseNotesURI":null,"softDisabled":false,"foreignInstall":false,"hasBinaryComponents":false,"strictCompatibility":false,"locales":[],"targetApplications":[{"id":"{ec8030f7-c20a-464f-9b0e-13a3a9e97384}","minVersion":"59.0.2","maxVersion":"59.*"}],"targetPlatforms":[],"multiprocessCompatible":true,"seen":true,"dependencies":[],"hasEmbeddedWebExtension":false,"mpcOptedOut":false,"userPermissions":null,"icons":{},"iconURL":null,"icon64URL":null,"blocklistState":0,"blocklistURL":null,"startupData":null}
1522742960178	addons.xpi	DEBUG	Updating XPIState for {"id":"screenshots@mozilla.org","syncGUID":"{c42ce36c-7636-4dec-9fc9-8fea0a7586fa}","location":"app-system-defaults","version":"25.0.0","type":"extension","internalName":null,"updateURL":null,"updateKey":null,"optionsURL":null,"optionsType":null,"aboutURL":null,"defaultLocale":{"name":"Firefox Screenshots","description":null,"creator":null,"homepageURL":"https://screenshots.firefox.com/"},"visible":true,"active":true,"userDisabled":false,"appDisabled":false,"installDate":1521831746622,"updateDate":1521831746622,"applyBackgroundUpdates":1,"bootstrap":true,"path":"C:\\Program Files\\Mozilla Firefox\\browser\\features\\screenshots@mozilla.org.xpi","skinnable":false,"size":994512,"sourceURI":null,"releaseNotesURI":null,"softDisabled":false,"foreignInstall":false,"hasBinaryComponents":false,"strictCompatibility":false,"locales":[],"targetApplications":[{"id":"{ec8030f7-c20a-464f-9b0e-13a3a9e97384}","minVersion":"57.0a1","maxVersion":"*"}],"targetPlatforms":[],"multiprocessCompatible":true,"seen":true,"dependencies":[],"hasEmbeddedWebExtension":false,"mpcOptedOut":false,"userPermissions":null,"icons":{},"iconURL":null,"icon64URL":null,"blocklistState":0,"blocklistURL":null,"startupData":null}
1522742960178	addons.xpi	DEBUG	Updating XPIState for {"id":"shield-recipe-client@mozilla.org","syncGUID":"{c44e024f-0c2f-4249-9484-c1dbc154631f}","location":"app-system-defaults","version":"80","type":"extension","internalName":null,"updateURL":null,"updateKey":null,"optionsURL":null,"optionsType":null,"aboutURL":null,"defaultLocale":{"name":"Shield Recipe Client","description":"Client to download and run recipes for SHIELD, Heartbeat, etc.","creator":null,"homepageURL":null},"visible":true,"active":true,"userDisabled":false,"appDisabled":false,"installDate":1521831746625,"updateDate":1521831746625,"applyBackgroundUpdates":1,"bootstrap":true,"path":"C:\\Program Files\\Mozilla Firefox\\browser\\features\\shield-recipe-client@mozilla.org.xpi","skinnable":false,"size":365969,"sourceURI":null,"releaseNotesURI":null,"softDisabled":false,"foreignInstall":false,"hasBinaryComponents":false,"strictCompatibility":false,"locales":[],"targetApplications":[{"id":"{ec8030f7-c20a-464f-9b0e-13a3a9e97384}","minVersion":"59.0.2","maxVersion":"59.*"}],"targetPlatforms":[],"multiprocessCompatible":true,"seen":true,"dependencies":[],"hasEmbeddedWebExtension":false,"mpcOptedOut":false,"userPermissions":null,"icons":{},"iconURL":null,"icon64URL":null,"blocklistState":0,"blocklistURL":null,"startupData":null}
1522742960178	addons.xpi	DEBUG	Updating XPIState for {"id":"webcompat@mozilla.org","syncGUID":"{f11764ef-3ab0-4776-aa7a-563a83704daa}","location":"app-system-defaults","version":"1.1","type":"extension","internalName":null,"updateURL":null,"updateKey":null,"optionsURL":null,"optionsType":null,"aboutURL":null,"defaultLocale":{"name":"Web Compat","description":"Urgent post-release fixes for web compatibility.","creator":null,"homepageURL":null},"visible":true,"active":true,"userDisabled":false,"appDisabled":false,"installDate":1521831746625,"updateDate":1521831746625,"applyBackgroundUpdates":1,"bootstrap":true,"path":"C:\\Program Files\\Mozilla Firefox\\browser\\features\\webcompat@mozilla.org.xpi","skinnable":false,"size":9268,"sourceURI":null,"releaseNotesURI":null,"softDisabled":false,"foreignInstall":false,"hasBinaryComponents":false,"strictCompatibility":false,"locales":[],"targetApplications":[{"id":"{ec8030f7-c20a-464f-9b0e-13a3a9e97384}","minVersion":"59.0.2","maxVersion":"59.*"}],"targetPlatforms":[],"multiprocessCompatible":true,"seen":true,"dependencies":[],"hasEmbeddedWebExtension":false,"mpcOptedOut":false,"userPermissions":null,"icons":{},"iconURL":null,"icon64URL":null,"blocklistState":0,"blocklistURL":null,"startupData":null}
1522742960178	addons.xpi	DEBUG	Updating XPIState for {"id":"{972ce4c6-7e08-4474-a285-3208198ce6fd}","syncGUID":"{1b949920-5efa-4cdc-9ee9-969959fb50bc}","location":"app-global","version":"59.0.2","type":"theme","internalName":"classic/1.0","updateURL":null,"updateKey":null,"optionsURL":null,"optionsType":null,"optionsBrowserStyle":null,"aboutURL":null,"defaultLocale":{"name":"Default","description":"The default theme.","creator":"Mozilla","homepageURL":null,"contributors":["Mozilla Contributors"]},"visible":true,"active":true,"userDisabled":false,"appDisabled":false,"installDate":1521831746588,"updateDate":1521831746588,"applyBackgroundUpdates":1,"path":"C:\\Program Files\\Mozilla Firefox\\browser\\extensions\\{972ce4c6-7e08-4474-a285-3208198ce6fd}.xpi","skinnable":true,"size":3016,"sourceURI":null,"releaseNotesURI":null,"softDisabled":false,"foreignInstall":false,"hasBinaryComponents":false,"strictCompatibility":true,"locales":[],"targetApplications":[{"id":"{ec8030f7-c20a-464f-9b0e-13a3a9e97384}","minVersion":"59.0.2","maxVersion":"59.0.2"}],"targetPlatforms":[],"seen":true,"dependencies":[],"hasEmbeddedWebExtension":false,"userPermissions":null,"icons":{},"iconURL":"chrome://browser/content/default-theme-icon.svg","icon64URL":null,"blocklistState":0,"blocklistURL":null,"startupData":null}
1522742960178	addons.xpi	DEBUG	Updating database with changes to installed add-ons
1522742960178	addons.xpi-utils	DEBUG	Updating add-on states
1522742960182	addons.xpi	DEBUG	Registering manifest for C:\Program Files\Mozilla Firefox\browser\features\activity-stream@mozilla.org.xpi
1522742960182	addons.xpi	DEBUG	Calling bootstrap method startup on activity-stream@mozilla.org version 2018.02.17.0026-173e2795
1522742960182	addons.xpi	DEBUG	Registering manifest for C:\Program Files\Mozilla Firefox\browser\features\aushelper@mozilla.org.xpi
1522742960184	addons.xpi	DEBUG	Calling bootstrap method startup on aushelper@mozilla.org version 2.0
1522742960184	addons.xpi	DEBUG	Registering manifest for C:\Program Files\Mozilla Firefox\browser\features\firefox@getpocket.com.xpi
1522742960184	addons.xpi	DEBUG	Calling bootstrap method startup on firefox@getpocket.com version 1.0.5
1522742960190	addons.xpi	DEBUG	Registering manifest for C:\Program Files\Mozilla Firefox\browser\features\followonsearch@mozilla.com.xpi
1522742960190	addons.xpi	DEBUG	Calling bootstrap method startup on followonsearch@mozilla.com version 0.9.6
1522742960192	addons.xpi	DEBUG	Registering manifest for C:\Program Files\Mozilla Firefox\browser\features\formautofill@mozilla.org.xpi
1522742960192	addons.xpi	DEBUG	Calling bootstrap method startup on formautofill@mozilla.org version 1.0
1522742960192	addons.xpi	DEBUG	Registering manifest for C:\Program Files\Mozilla Firefox\browser\features\onboarding@mozilla.org.xpi
1522742960192	addons.xpi	DEBUG	Calling bootstrap method startup on onboarding@mozilla.org version 1.0
1522742960192	addons.xpi	DEBUG	Registering manifest for C:\Program Files\Mozilla Firefox\browser\features\screenshots@mozilla.org.xpi
1522742960194	addons.xpi	DEBUG	Calling bootstrap method startup on screenshots@mozilla.org version 25.0.0
1522742960194	addons.xpi	DEBUG	Registering manifest for C:\Program Files\Mozilla Firefox\browser\features\shield-recipe-client@mozilla.org.xpi
1522742960194	addons.xpi	DEBUG	Calling bootstrap method startup on shield-recipe-client@mozilla.org version 80
1522742960198	addons.xpi	DEBUG	Registering manifest for C:\Program Files\Mozilla Firefox\browser\features\webcompat@mozilla.org.xpi
1522742960198	addons.xpi	DEBUG	Calling bootstrap method startup on webcompat@mozilla.org version 1.1
1522742960200	addons.manager	DEBUG	Registering shutdown blocker for XPIProvider
1522742960200	addons.manager	DEBUG	Provider finished startup: XPIProvider
1522742960200	addons.manager	DEBUG	Starting provider: LightweightThemeManager
1522742960200	addons.manager	DEBUG	Registering shutdown blocker for LightweightThemeManager
1522742960200	addons.manager	DEBUG	Provider finished startup: LightweightThemeManager
1522742960200	addons.manager	DEBUG	Starting provider: GMPProvider
1522742960212	addons.manager	DEBUG	Registering shutdown blocker for GMPProvider
1522742960212	addons.manager	DEBUG	Provider finished startup: GMPProvider
1522742960212	addons.manager	DEBUG	Starting provider: PluginProvider
1522742960212	addons.manager	DEBUG	Registering shutdown blocker for PluginProvider
1522742960214	addons.manager	DEBUG	Provider finished startup: PluginProvider
1522742960214	addons.manager	DEBUG	Completed startup sequence
Unable to read VR Path Registry from C:\Users\xxp\AppData\Local\openvr\openvrpaths.vrpath
1522742960350	Marionette	INFO	Enabled via --marionette
1522742960434	addons.manager	DEBUG	Starting provider: PreviousExperimentProvider
1522742960434	addons.manager	DEBUG	Registering shutdown blocker for PreviousExperimentProvider
1522742960434	addons.manager	DEBUG	Provider finished startup: PreviousExperimentProvider
Unable to read VR Path Registry from C:\Users\xxp\AppData\Local\openvr\openvrpaths.vrpath
Unable to read VR Path Registry from C:\Users\xxp\AppData\Local\openvr\openvrpaths.vrpath
1522742961046	addons.xpi-utils	DEBUG	XPI Database saved, setting schema version preference to 24
Unable to read VR Path Registry from C:\Users\xxp\AppData\Local\openvr\openvrpaths.vrpath
1522742961248	addons.xpi	INFO	Mapping activity-stream@mozilla.org to C:\Program Files\Mozilla Firefox\browser\features\activity-stream@mozilla.org.xpi
1522742961248	addons.xpi	INFO	Mapping aushelper@mozilla.org to C:\Program Files\Mozilla Firefox\browser\features\aushelper@mozilla.org.xpi
1522742961248	addons.xpi	INFO	Mapping firefox@getpocket.com to C:\Program Files\Mozilla Firefox\browser\features\firefox@getpocket.com.xpi
1522742961248	addons.xpi	INFO	Mapping followonsearch@mozilla.com to C:\Program Files\Mozilla Firefox\browser\features\followonsearch@mozilla.com.xpi
1522742961248	addons.xpi	INFO	Mapping formautofill@mozilla.org to C:\Program Files\Mozilla Firefox\browser\features\formautofill@mozilla.org.xpi
1522742961248	addons.xpi	INFO	Mapping onboarding@mozilla.org to C:\Program Files\Mozilla Firefox\browser\features\onboarding@mozilla.org.xpi
1522742961248	addons.xpi	INFO	Mapping screenshots@mozilla.org to C:\Program Files\Mozilla Firefox\browser\features\screenshots@mozilla.org.xpi
1522742961248	addons.xpi	INFO	Mapping shield-recipe-client@mozilla.org to C:\Program Files\Mozilla Firefox\browser\features\shield-recipe-client@mozilla.org.xpi
1522742961248	addons.xpi	INFO	Mapping webcompat@mozilla.org to C:\Program Files\Mozilla Firefox\browser\features\webcompat@mozilla.org.xpi
1522742961248	addons.xpi	DEBUG	Existing add-on activity-stream@mozilla.org in app-system-defaults
1522742961248	addons.xpi	DEBUG	Existing add-on aushelper@mozilla.org in app-system-defaults
1522742961248	addons.xpi	DEBUG	Existing add-on firefox@getpocket.com in app-system-defaults
1522742961248	addons.xpi	DEBUG	Existing add-on followonsearch@mozilla.com in app-system-defaults
1522742961250	addons.xpi	DEBUG	Existing add-on formautofill@mozilla.org in app-system-defaults
1522742961250	addons.xpi	DEBUG	Existing add-on onboarding@mozilla.org in app-system-defaults
1522742961250	addons.xpi	DEBUG	Existing add-on screenshots@mozilla.org in app-system-defaults
1522742961250	addons.xpi	DEBUG	Existing add-on shield-recipe-client@mozilla.org in app-system-defaults
1522742961250	addons.xpi	DEBUG	Existing add-on webcompat@mozilla.org in app-system-defaults
1522742961250	addons.xpi	INFO	Mapping {972ce4c6-7e08-4474-a285-3208198ce6fd} to C:\Program Files\Mozilla Firefox\browser\extensions\{972ce4c6-7e08-4474-a285-3208198ce6fd}.xpi
1522742961252	addons.xpi	DEBUG	Existing add-on {972ce4c6-7e08-4474-a285-3208198ce6fd} in app-global
1522742961252	addons.xpi	DEBUG	getInstallState changed: false, state: {}
1522742961370	Marionette	INFO	Listening on port 13497
1522742961426	Marionette	WARN	TLS certificate errors will be ignored for this session
Unable to read VR Path Registry from C:\Users\xxp\AppData\Local\openvr\openvrpaths.vrpath
1522743402520	addons.xpi	DEBUG	Calling bootstrap method shutdown on webcompat@mozilla.org version 1.1
1522743402520	addons.xpi	DEBUG	Calling bootstrap method shutdown on shield-recipe-client@mozilla.org version 80
1522743402520	addons.xpi	DEBUG	Calling bootstrap method shutdown on screenshots@mozilla.org version 25.0.0
1522743402528	addons.xpi	DEBUG	Calling bootstrap method shutdown on onboarding@mozilla.org version 1.0
1522743402532	addons.xpi	DEBUG	Calling bootstrap method shutdown on formautofill@mozilla.org version 1.0
1522743402534	addons.xpi	DEBUG	Calling bootstrap method shutdown on followonsearch@mozilla.com version 0.9.6
1522743402536	addons.xpi	DEBUG	Calling bootstrap method shutdown on firefox@getpocket.com version 1.0.5
1522743402536	addons.xpi	DEBUG	Calling bootstrap method shutdown on aushelper@mozilla.org version 2.0
1522743402538	addons.xpi	DEBUG	Calling bootstrap method shutdown on activity-stream@mozilla.org version 2018.02.17.0026-173e2795
[Parent 9516, Gecko_IOThread] WARNING: pipe error: 109: file z:/build/build/src/ipc/chromium/src/chrome/common/ipc_channel_win.cc, line 346
[Child 8448, Chrome_ChildThread] WARNING: pipe error: 109: file z:/build/build/src/ipc/chromium/src/chrome/common/ipc_channel_win.cc, line 346
[Child 8448, Chrome_ChildThread] WARNING: pipe error: 109: file z:/build/build/src/ipc/chromium/src/chrome/common/ipc_channel_[Child 10288, Chrome_ChildThread] WARNING: pipe error: 109: file z:/build/build/src/ipc/chromium/src/chrome/common/ipc_channel_win.cc, line 346
[Child 10288, Chrome_ChildThread] WARNING: pipe error: 11522743402616	addons.manager	DEBUG	shutdown
1522743402616	addons.manager	DEBUG	Calling shutdown blocker for XPIProvider
1522743402616	addons.xpi	DEBUG	shutdown
1522743402616	addons.xpi-utils	DEBUG	shutdown
1522743402618	addons.manager	DEBUG	Calling shutdown blocker for LightweightThemeManager
1522743402618	addons.manager	DEBUG	Calling shutdown blocker for GMPProvider
1522743402618	addons.manager	DEBUG	Calling shutdown blocker for PluginProvider
1522743402618	addons.manager	DEBUG	Calling shutdown blocker for PreviousExperimentProvider
1522743402622	addons.manager	DEBUG	Async provider shutdown done
[GPU 4120, Chrome_Chi
###!!! [Child][MessageChannel::SendAndWait] Error: Channel error: cannot send/recv

